<?xml version="1.0" encoding="UTF-8"?>
<testsuite xmlns:xsi="http://www.w3.org/2001/XMLSchema-instance" xsi:noNamespaceSchemaLocation="https://maven.apache.org/surefire/maven-surefire-plugin/xsd/surefire-test-report-3.0.xsd" version="3.0" name="com.example.OrderPricingTest" time="0.901" tests="10" errors="0" skipped="0" failures="0">
  <properties>
[...]
</properties>
  <testcase name="Single product without promotions" classname="E-commerce Order Pricing Promotions" time="0.245">
    <system-out><![CDATA[
@order_pricing
Scenario: Single product without promotions &amp#27;[90m# features/order.feature:7&amp#27;[0m
  &amp#27;[32mGiven &amp#27;[0m&amp#27;[32mno promotions are applied&amp#27;[0m           &amp#27;[90m# com.example.steps.OrderPricingSteps.no_promotions_are_applied()&amp#27;[0m
  &amp#27;[32mWhen &amp#27;[0m&amp#27;[32ma customer places an order with:&amp#27;[0m     &amp#27;[90m# com.example.steps.OrderPricingSteps.a_customer_places_an_order_with(io.cucumber.datatable.DataTable)&amp#27;[0m
    | productName | quantity | unitPrice |
    | T-shirt     | 1        | 500       |
  &amp#27;[32mThen &amp#27;[0m&amp#27;[32mthe order summary should be:&amp#27;[0m         &amp#27;[90m# com.example.steps.OrderPricingSteps.the_order_summary_should_be(io.cucumber.datatable.DataTable)&amp#27;[0m
    | totalAmount |
    | 500         |
  &amp#27;[32mAnd &amp#27;[0m&amp#27;[32mthe customer should receive:&amp#27;[0m          &amp#27;[90m# com.example.steps.OrderPricingSteps.the_customer_should_receive(io.cucumber.datatable.DataTable)&amp#27;[0m
    | productName | quantity |
    | T-shirt     | 1        |
]]></system-out>
  </testcase>
  <testcase name="Threshold discount applies when subtotal reaches 1000" classname="E-commerce Order Pricing Promotions" time="0.015">
    <system-out><![CDATA[
@order_pricing
Scenario: Threshold discount applies when subtotal reaches 1000 &amp#27;[90m# features/order.feature:19&amp#27;[0m
  &amp#27;[32mGiven &amp#27;[0m&amp#27;[32mthe threshold discount promotion is configured:&amp#27;[0m         &amp#27;[90m# com.example.steps.OrderPricingSteps.the_threshold_discount_promotion_is_configured(io.cucumber.datatable.DataTable)&amp#27;[0m
    | threshold | discount |
    | 1000      | 100      |
  &amp#27;[32mWhen &amp#27;[0m&amp#27;[32ma customer places an order with:&amp#27;[0m                         &amp#27;[90m# com.example.steps.OrderPricingSteps.a_customer_places_an_order_with(io.cucumber.datatable.DataTable)&amp#27;[0m
    | productName | quantity | unitPrice |
    | T-shirt     | 2        | 500       |
    | 褲子          | 1        | 600       |
  &amp#27;[32mThen &amp#27;[0m&amp#27;[32mthe order summary should be:&amp#27;[0m                             &amp#27;[90m# com.example.steps.OrderPricingSteps.the_order_summary_should_be(io.cucumber.datatable.DataTable)&amp#27;[0m
    | originalAmount | discount | totalAmount |
    | 1600           | 100      | 1500        |
  &amp#27;[32mAnd &amp#27;[0m&amp#27;[32mthe customer should receive:&amp#27;[0m                              &amp#27;[90m# com.example.steps.OrderPricingSteps.the_customer_should_receive(io.cucumber.datatable.DataTable)&amp#27;[0m
    | productName | quantity |
    | T-shirt     | 2        |
    | 褲子          | 1        |
]]></system-out>
  </testcase>
  <testcase name="Buy-one-get-one for cosmetics - multiple products" classname="E-commerce Order Pricing Promotions" time="0.019">
    <system-out><![CDATA[
@order_pricing
Scenario: Buy-one-get-one for cosmetics - multiple products   &amp#27;[90m# features/order.feature:35&amp#27;[0m
  &amp#27;[32mGiven &amp#27;[0m&amp#27;[32mthe buy one get one promotion for cosmetics is active&amp#27;[0m &amp#27;[90m# com.example.steps.OrderPricingSteps.the_buy_one_get_one_promotion_for_cosmetics_is_active()&amp#27;[0m
  &amp#27;[32mWhen &amp#27;[0m&amp#27;[32ma customer places an order with:&amp#27;[0m                       &amp#27;[90m# com.example.steps.OrderPricingSteps.a_customer_places_an_order_with(io.cucumber.datatable.DataTable)&amp#27;[0m
    | productName | category  | quantity | unitPrice |
    | 口紅          | cosmetics | 1        | 300       |
    | 粉底液         | cosmetics | 1        | 400       |
  &amp#27;[32mThen &amp#27;[0m&amp#27;[32mthe order summary should be:&amp#27;[0m                           &amp#27;[90m# com.example.steps.OrderPricingSteps.the_order_summary_should_be(io.cucumber.datatable.DataTable)&amp#27;[0m
    | totalAmount |
    | 700         |
  &amp#27;[32mAnd &amp#27;[0m&amp#27;[32mthe customer should receive:&amp#27;[0m                            &amp#27;[90m# com.example.steps.OrderPricingSteps.the_customer_should_receive(io.cucumber.datatable.DataTable)&amp#27;[0m
    | productName | quantity |
    | 口紅          | 2        |
    | 粉底液         | 2        |
]]></system-out>
  </testcase>
  <testcase name="Buy-one-get-one for cosmetics - same product twice" classname="E-commerce Order Pricing Promotions" time="0.012">
    <system-out><![CDATA[
@order_pricing
Scenario: Buy-one-get-one for cosmetics - same product twice  &amp#27;[90m# features/order.feature:49&amp#27;[0m
  &amp#27;[32mGiven &amp#27;[0m&amp#27;[32mthe buy one get one promotion for cosmetics is active&amp#27;[0m &amp#27;[90m# com.example.steps.OrderPricingSteps.the_buy_one_get_one_promotion_for_cosmetics_is_active()&amp#27;[0m
  &amp#27;[32mWhen &amp#27;[0m&amp#27;[32ma customer places an order with:&amp#27;[0m                       &amp#27;[90m# com.example.steps.OrderPricingSteps.a_customer_places_an_order_with(io.cucumber.datatable.DataTable)&amp#27;[0m
    | productName | category  | quantity | unitPrice |
    | 口紅          | cosmetics | 2        | 300       |
  &amp#27;[32mThen &amp#27;[0m&amp#27;[32mthe order summary should be:&amp#27;[0m                           &amp#27;[90m# com.example.steps.OrderPricingSteps.the_order_summary_should_be(io.cucumber.datatable.DataTable)&amp#27;[0m
    | totalAmount |
    | 600         |
  &amp#27;[32mAnd &amp#27;[0m&amp#27;[32mthe customer should receive:&amp#27;[0m                            &amp#27;[90m# com.example.steps.OrderPricingSteps.the_customer_should_receive(io.cucumber.datatable.DataTable)&amp#27;[0m
    | productName | quantity |
    | 口紅          | 3        |
]]></system-out>
  </testcase>
  <testcase name="Buy-one-get-one for cosmetics - mixed categories" classname="E-commerce Order Pricing Promotions" time="0.005">
    <system-out><![CDATA[
@order_pricing
Scenario: Buy-one-get-one for cosmetics - mixed categories    &amp#27;[90m# features/order.feature:61&amp#27;[0m
  &amp#27;[32mGiven &amp#27;[0m&amp#27;[32mthe buy one get one promotion for cosmetics is active&amp#27;[0m &amp#27;[90m# com.example.steps.OrderPricingSteps.the_buy_one_get_one_promotion_for_cosmetics_is_active()&amp#27;[0m
  &amp#27;[32mWhen &amp#27;[0m&amp#27;[32ma customer places an order with:&amp#27;[0m                       &amp#27;[90m# com.example.steps.OrderPricingSteps.a_customer_places_an_order_with(io.cucumber.datatable.DataTable)&amp#27;[0m
    | productName | category  | quantity | unitPrice |
    | 襪子          | apparel   | 1        | 100       |
    | 口紅          | cosmetics | 1        | 300       |
  &amp#27;[32mThen &amp#27;[0m&amp#27;[32mthe order summary should be:&amp#27;[0m                           &amp#27;[90m# com.example.steps.OrderPricingSteps.the_order_summary_should_be(io.cucumber.datatable.DataTable)&amp#27;[0m
    | totalAmount |
    | 400         |
  &amp#27;[32mAnd &amp#27;[0m&amp#27;[32mthe customer should receive:&amp#27;[0m                            &amp#27;[90m# com.example.steps.OrderPricingSteps.the_customer_should_receive(io.cucumber.datatable.DataTable)&amp#27;[0m
    | productName | quantity |
    | 襪子          | 1        |
    | 口紅          | 2        |
]]></system-out>
  </testcase>
  <testcase name="Multiple promotions stacked" classname="E-commerce Order Pricing Promotions" time="0.013">
    <system-out><![CDATA[
@order_pricing
Scenario: Multiple promotions stacked                       &amp#27;[90m# features/order.feature:75&amp#27;[0m
  &amp#27;[32mGiven &amp#27;[0m&amp#27;[32mthe threshold discount promotion is configured:&amp#27;[0m     &amp#27;[90m# com.example.steps.OrderPricingSteps.the_threshold_discount_promotion_is_configured(io.cucumber.datatable.DataTable)&amp#27;[0m
    | threshold | discount |
    | 1000      | 100      |
  &amp#27;[32mAnd &amp#27;[0m&amp#27;[32mthe buy one get one promotion for cosmetics is active&amp#27;[0m &amp#27;[90m# com.example.steps.OrderPricingSteps.the_buy_one_get_one_promotion_for_cosmetics_is_active()&amp#27;[0m
  &amp#27;[32mWhen &amp#27;[0m&amp#27;[32ma customer places an order with:&amp#27;[0m                     &amp#27;[90m# com.example.steps.OrderPricingSteps.a_customer_places_an_order_with(io.cucumber.datatable.DataTable)&amp#27;[0m
    | productName | category  | quantity | unitPrice |
    | T-shirt     | apparel   | 3        | 500       |
    | 口紅          | cosmetics | 1        | 300       |
  &amp#27;[32mThen &amp#27;[0m&amp#27;[32mthe order summary should be:&amp#27;[0m                         &amp#27;[90m# com.example.steps.OrderPricingSteps.the_order_summary_should_be(io.cucumber.datatable.DataTable)&amp#27;[0m
    | originalAmount | discount | totalAmount |
    | 1800           | 100      | 1700        |
  &amp#27;[32mAnd &amp#27;[0m&amp#27;[32mthe customer should receive:&amp#27;[0m                          &amp#27;[90m# com.example.steps.OrderPricingSteps.the_customer_should_receive(io.cucumber.datatable.DataTable)&amp#27;[0m
    | productName | quantity |
    | T-shirt     | 3        |
    | 口紅          | 2        |
]]></system-out>
  </testcase>
  <testcase name="eleven eleven promotion discount - same category" classname="E-commerce Order Pricing Promotions" time="0.014">
    <system-out><![CDATA[
@order_pricing
Scenario: eleven eleven promotion discount - same category &amp#27;[90m# features/order.feature:92&amp#27;[0m
  &amp#27;[32mGiven &amp#27;[0m&amp#27;[32mthe eleven eleven promotion is active&amp#27;[0m              &amp#27;[90m# com.example.steps.OrderPricingSteps.the_eleven_eleven_promotion_is_active()&amp#27;[0m
  &amp#27;[32mWhen &amp#27;[0m&amp#27;[32ma customer places an order with:&amp#27;[0m                    &amp#27;[90m# com.example.steps.OrderPricingSteps.a_customer_places_an_order_with(io.cucumber.datatable.DataTable)&amp#27;[0m
    | productName | category | quantity | unitPrice |
    | 襪子          | apparel  | 13       | 100       |
  &amp#27;[32mThen &amp#27;[0m&amp#27;[32mthe order summary should be:&amp#27;[0m                        &amp#27;[90m# com.example.steps.OrderPricingSteps.the_order_summary_should_be(io.cucumber.datatable.DataTable)&amp#27;[0m
    | originalAmount | discount | totalAmount |
    | 1300           | 200      | 1100        |
  &amp#27;[32mAnd &amp#27;[0m&amp#27;[32mthe customer should receive:&amp#27;[0m                         &amp#27;[90m# com.example.steps.OrderPricingSteps.the_customer_should_receive(io.cucumber.datatable.DataTable)&amp#27;[0m
    | productName | quantity |
    | 襪子          | 13       |
]]></system-out>
  </testcase>
  <testcase name="eleven eleven promotion discount - same category 2" classname="E-commerce Order Pricing Promotions" time="0.005">
    <system-out><![CDATA[
@order_pricing
Scenario: eleven eleven promotion discount - same category 2 &amp#27;[90m# features/order.feature:104&amp#27;[0m
  &amp#27;[32mGiven &amp#27;[0m&amp#27;[32mthe eleven eleven promotion is active&amp#27;[0m                &amp#27;[90m# com.example.steps.OrderPricingSteps.the_eleven_eleven_promotion_is_active()&amp#27;[0m
  &amp#27;[32mWhen &amp#27;[0m&amp#27;[32ma customer places an order with:&amp#27;[0m                      &amp#27;[90m# com.example.steps.OrderPricingSteps.a_customer_places_an_order_with(io.cucumber.datatable.DataTable)&amp#27;[0m
    | productName | category | quantity | unitPrice |
    | T-shirt     | apparel  | 16       | 80        |
  &amp#27;[32mThen &amp#27;[0m&amp#27;[32mthe order summary should be:&amp#27;[0m                          &amp#27;[90m# com.example.steps.OrderPricingSteps.the_order_summary_should_be(io.cucumber.datatable.DataTable)&amp#27;[0m
    | originalAmount | discount | totalAmount |
    | 1280           | 160      | 1120        |
  &amp#27;[32mAnd &amp#27;[0m&amp#27;[32mthe customer should receive:&amp#27;[0m                           &amp#27;[90m# com.example.steps.OrderPricingSteps.the_customer_should_receive(io.cucumber.datatable.DataTable)&amp#27;[0m
    | productName | quantity |
    | T-shirt     | 16       |
]]></system-out>
  </testcase>
  <testcase name="eleven eleven promotion discount - same category with stacked discount" classname="E-commerce Order Pricing Promotions" time="0.015">
    <system-out><![CDATA[
@order_pricing
Scenario: eleven eleven promotion discount - same category with stacked discount &amp#27;[90m# features/order.feature:116&amp#27;[0m
  &amp#27;[32mGiven &amp#27;[0m&amp#27;[32mthe eleven eleven promotion is active&amp#27;[0m                                    &amp#27;[90m# com.example.steps.OrderPricingSteps.the_eleven_eleven_promotion_is_active()&amp#27;[0m
  &amp#27;[32mWhen &amp#27;[0m&amp#27;[32ma customer places an order with:&amp#27;[0m                                          &amp#27;[90m# com.example.steps.OrderPricingSteps.a_customer_places_an_order_with(io.cucumber.datatable.DataTable)&amp#27;[0m
    | productName | category | quantity | unitPrice |
    | 襪子          | apparel  | 27       | 100       |
  &amp#27;[32mThen &amp#27;[0m&amp#27;[32mthe order summary should be:&amp#27;[0m                                              &amp#27;[90m# com.example.steps.OrderPricingSteps.the_order_summary_should_be(io.cucumber.datatable.DataTable)&amp#27;[0m
    | originalAmount | discount | totalAmount |
    | 2700           | 400      | 2300        |
  &amp#27;[32mAnd &amp#27;[0m&amp#27;[32mthe customer should receive:&amp#27;[0m                                               &amp#27;[90m# com.example.steps.OrderPricingSteps.the_customer_should_receive(io.cucumber.datatable.DataTable)&amp#27;[0m
    | productName | quantity |
    | 襪子          | 27       |
]]></system-out>
  </testcase>
  <testcase name="eleven eleven promotion discount - different category" classname="E-commerce Order Pricing Promotions" time="0.013">
    <system-out><![CDATA[
@order_pricing @ignore @ignore
Scenario: eleven eleven promotion discount - different category &amp#27;[90m# features/order.feature:130&amp#27;[0m
  &amp#27;[32mGiven &amp#27;[0m&amp#27;[32mthe eleven eleven promotion is active&amp#27;[0m                   &amp#27;[90m# com.example.steps.OrderPricingSteps.the_eleven_eleven_promotion_is_active()&amp#27;[0m
  &amp#27;[32mWhen &amp#27;[0m&amp#27;[32ma customer places an order with:&amp#27;[0m                         &amp#27;[90m# com.example.steps.OrderPricingSteps.a_customer_places_an_order_with(io.cucumber.datatable.DataTable)&amp#27;[0m
    | productName | category | quantity | unitPrice |
    | A           | apparel  | 1        | 100       |
    | B           | apparel  | 1        | 100       |
    | C           | apparel  | 1        | 100       |
    | D           | apparel  | 1        | 100       |
    | E           | apparel  | 1        | 100       |
    | F           | apparel  | 1        | 100       |
    | G           | apparel  | 1        | 100       |
    | H           | apparel  | 1        | 100       |
    | I           | apparel  | 1        | 100       |
    | J           | apparel  | 1        | 100       |
  &amp#27;[32mThen &amp#27;[0m&amp#27;[32mthe order summary should be:&amp#27;[0m                             &amp#27;[90m# com.example.steps.OrderPricingSteps.the_order_summary_should_be(io.cucumber.datatable.DataTable)&amp#27;[0m
    | originalAmount | discount | totalAmount |
    | 1000           | 0        | 1000        |
  &amp#27;[32mAnd &amp#27;[0m&amp#27;[32mthe customer should receive:&amp#27;[0m                              &amp#27;[90m# com.example.steps.OrderPricingSteps.the_customer_should_receive(io.cucumber.datatable.DataTable)&amp#27;[0m
    | productName | quantity |
    | A           | 1        |
    | B           | 1        |
    | C           | 1        |
    | D           | 1        |
    | E           | 1        |
    | F           | 1        |
    | G           | 1        |
    | H           | 1        |
    | I           | 1        |
    | J           | 1        |
]]></system-out>
  </testcase>
</testsuite>